Arguments: 
  C:\Program Files\nodejs\node.exe C:\Program Files (x86)\Yarn\bin\yarn.js add @angular/material @angular/cdk

PATH: 
  C:\Program Files\Git\mingw64\bin;C:\Program Files\Git\usr\bin;C:\Users\cpinupa.ORADEV\bin;C:\Program Files (x86)\Common Files\Oracle\Java\javapath;C:\windows\system32;C:\windows;C:\windows\System32\Wbem;C:\windows\System32\WindowsPowerShell\v1.0;C:\Program Files (x86)\Sennheiser\SoftphoneSDK;C:\browser-drivers\chrome-driver\2.33;C:\windows\System32\WindowsPowerShell\v1.0;C:\Program Files\PuTTY;C:\Program Files\nodejs;C:\Program Files (x86)\Yarn\bin;C:\Program Files (x86)\Microsoft VS Code\bin;C:\Users\cpinupa.ORADEV\AppData\Local\atom\bin;C:\Users\cpinupa.ORADEV\AppData\Roaming\npm;C:\Users\cpinupa.ORADEV\AppData\Local\Yarn\bin

Yarn version: 
  1.7.0

Node version: 
  8.11.2

Platform: 
  win32 x64

Trace: 
  SyntaxError: Invalid value type 4:3 in D:\Chetan\Projects\Angular\pm-angular\pm-angular\yarn.lock
      at Parser.unexpected (C:\Program Files (x86)\Yarn\lib\cli.js:62817:11)
      at Parser.parse (C:\Program Files (x86)\Yarn\lib\cli.js:62945:16)
      at parse (C:\Program Files (x86)\Yarn\lib\cli.js:63019:17)
      at module.exports.exports.default (C:\Program Files (x86)\Yarn\lib\cli.js:62583:96)
      at Function.<anonymous> (C:\Program Files (x86)\Yarn\lib\cli.js:3565:63)
      at Generator.next (<anonymous>)
      at step (C:\Program Files (x86)\Yarn\lib\cli.js:98:30)
      at C:\Program Files (x86)\Yarn\lib\cli.js:109:13
      at <anonymous>

npm manifest: 
  No manifest

yarn manifest: 
  No manifest

Lockfile: 
  xs# THIS IS AN AUTOGENERATED FILE. DO NOT EDIT THIS FILE DIRECTLY.
  # yarn lockfile v1
  
  
  xs
